0 info it worked if it ends with ok
1 verbose cli [ '/usr/bin/node', '/usr/bin/npm', 'install', 'http-server', '-g' ]
2 info using npm@5.5.1
3 info using node@v9.2.0
4 verbose npm-session d39159b833a8f4d7
5 silly install loadCurrentTree
6 silly install readGlobalPackageData
7 http fetch GET 200 https://registry.npmjs.org/http-server 240ms
8 silly pacote tag manifest for http-server@latest fetched in 267ms
9 silly install loadIdealTree
10 silly install cloneCurrentTreeToIdealTree
11 silly install loadShrinkwrap
12 silly install loadAllDepsIntoIdealTree
13 silly resolveWithNewModule http-server@0.10.0 checking installable status
14 http fetch GET 200 https://registry.npmjs.org/colors 67ms
15 http fetch GET 200 https://registry.npmjs.org/optimist 67ms
16 http fetch GET 200 https://registry.npmjs.org/ecstatic 70ms
17 silly pacote version manifest for colors@1.0.3 fetched in 76ms
18 silly resolveWithNewModule colors@1.0.3 checking installable status
19 silly pacote range manifest for optimist@0.6.x fetched in 75ms
20 silly resolveWithNewModule optimist@0.6.1 checking installable status
21 silly pacote range manifest for ecstatic@^2.0.0 fetched in 77ms
22 silly resolveWithNewModule ecstatic@2.2.1 checking installable status
23 http fetch GET 200 https://registry.npmjs.org/opener 122ms
24 http fetch GET 200 https://registry.npmjs.org/corser 125ms
25 http fetch GET 200 https://registry.npmjs.org/portfinder 123ms
26 http fetch GET 200 https://registry.npmjs.org/union 121ms
27 http fetch GET 200 https://registry.npmjs.org/http-proxy 127ms
28 silly pacote range manifest for opener@~1.4.0 fetched in 132ms
29 silly resolveWithNewModule opener@1.4.3 checking installable status
30 silly pacote range manifest for corser@~2.0.0 fetched in 135ms
31 silly resolveWithNewModule corser@2.0.1 checking installable status
32 silly pacote range manifest for portfinder@^1.0.13 fetched in 132ms
33 silly resolveWithNewModule portfinder@1.0.13 checking installable status
34 silly pacote range manifest for union@~0.4.3 fetched in 131ms
35 silly resolveWithNewModule union@0.4.6 checking installable status
36 silly pacote range manifest for http-proxy@^1.8.1 fetched in 135ms
37 silly resolveWithNewModule http-proxy@1.16.2 checking installable status
38 http fetch GET 200 https://registry.npmjs.org/minimist 20ms
39 http fetch GET 200 https://registry.npmjs.org/mime 22ms
40 silly pacote range manifest for minimist@^1.1.0 fetched in 28ms
41 silly resolveWithNewModule minimist@1.2.0 checking installable status
42 silly pacote range manifest for mime@^1.2.11 fetched in 31ms
43 silly resolveWithNewModule mime@1.5.0 checking installable status
44 http fetch GET 200 https://registry.npmjs.org/url-join 33ms
45 http fetch GET 200 https://registry.npmjs.org/he 34ms
46 silly pacote range manifest for he@^1.1.1 fetched in 37ms
47 silly resolveWithNewModule he@1.1.1 checking installable status
48 silly pacote range manifest for url-join@^2.0.2 fetched in 37ms
49 silly resolveWithNewModule url-join@2.0.2 checking installable status
50 http fetch GET 200 https://registry.npmjs.org/eventemitter3 30ms
51 http fetch GET 200 https://registry.npmjs.org/requires-port 30ms
52 silly pacote range manifest for eventemitter3@1.x.x fetched in 36ms
53 silly resolveWithNewModule eventemitter3@1.2.0 checking installable status
54 silly pacote range manifest for requires-port@1.x.x fetched in 37ms
55 silly resolveWithNewModule requires-port@1.0.0 checking installable status
56 silly pacote range manifest for minimist@~0.0.1 fetched in 30ms
57 silly resolveWithNewModule minimist@0.0.10 checking installable status
58 http fetch GET 200 https://registry.npmjs.org/wordwrap 54ms
59 silly pacote range manifest for wordwrap@~0.0.2 fetched in 58ms
60 silly resolveWithNewModule wordwrap@0.0.3 checking installable status
61 http fetch GET 200 https://registry.npmjs.org/mkdirp 17ms
62 http fetch GET 200 https://registry.npmjs.org/debug 21ms
63 silly pacote range manifest for mkdirp@0.5.x fetched in 28ms
64 silly resolveWithNewModule mkdirp@0.5.1 checking installable status
65 silly pacote range manifest for debug@^2.2.0 fetched in 29ms
66 silly resolveWithNewModule debug@2.6.9 checking installable status
67 http fetch GET 200 https://registry.npmjs.org/async 31ms
68 silly pacote range manifest for async@^1.5.2 fetched in 37ms
69 silly resolveWithNewModule async@1.5.2 checking installable status
70 http fetch GET 200 https://registry.npmjs.org/ms 26ms
71 silly pacote version manifest for ms@2.0.0 fetched in 29ms
72 silly resolveWithNewModule ms@2.0.0 checking installable status
73 silly pacote version manifest for minimist@0.0.8 fetched in 3ms
74 silly resolveWithNewModule minimist@0.0.8 checking installable status
75 http fetch GET 200 https://registry.npmjs.org/qs 28ms
76 silly pacote range manifest for qs@~2.3.3 fetched in 33ms
77 silly resolveWithNewModule qs@2.3.3 checking installable status
78 silly currentTree lib
79 silly idealTree lib
79 silly idealTree └─┬ http-server@0.10.0
79 silly idealTree   ├── async@1.5.2
79 silly idealTree   ├── colors@1.0.3
79 silly idealTree   ├── corser@2.0.1
79 silly idealTree   ├── debug@2.6.9
79 silly idealTree   ├── ecstatic@2.2.1
79 silly idealTree   ├── eventemitter3@1.2.0
79 silly idealTree   ├── he@1.1.1
79 silly idealTree   ├── http-proxy@1.16.2
79 silly idealTree   ├── mime@1.5.0
79 silly idealTree   ├── minimist@1.2.0
79 silly idealTree   ├─┬ mkdirp@0.5.1
79 silly idealTree   │ └── minimist@0.0.8
79 silly idealTree   ├── ms@2.0.0
79 silly idealTree   ├── opener@1.4.3
79 silly idealTree   ├─┬ optimist@0.6.1
79 silly idealTree   │ └── minimist@0.0.10
79 silly idealTree   ├── portfinder@1.0.13
79 silly idealTree   ├── qs@2.3.3
79 silly idealTree   ├── requires-port@1.0.0
79 silly idealTree   ├── union@0.4.6
79 silly idealTree   ├── url-join@2.0.2
79 silly idealTree   └── wordwrap@0.0.3
80 silly install generateActionsToTake
81 warn checkPermissions Missing write access to /usr/lib/node_modules
82 verbose stack Error: EACCES: permission denied, access '/usr/lib/node_modules'
83 verbose cwd /home/geeray
84 verbose Linux 4.13.12-1-ARCH
85 verbose argv "/usr/bin/node" "/usr/bin/npm" "install" "http-server" "-g"
86 verbose node v9.2.0
87 verbose npm  v5.5.1
88 error path /usr/lib/node_modules
89 error code EACCES
90 error errno -13
91 error syscall access
92 error Error: EACCES: permission denied, access '/usr/lib/node_modules'
92 error  { Error: EACCES: permission denied, access '/usr/lib/node_modules'
92 error   stack: 'Error: EACCES: permission denied, access \'/usr/lib/node_modules\'',
92 error   errno: -13,
92 error   code: 'EACCES',
92 error   syscall: 'access',
92 error   path: '/usr/lib/node_modules' }
93 error Please try running this command again as root/Administrator.
94 verbose exit [ -13, true ]
